This is pdfTeX, Version 3.1415926-2.4-1.40.13 (TeX Live 2012) (format=pdflatex 2012.10.7)  9 NOV 2012 22:29
entering extended mode
 restricted \write18 enabled.
 %&-line parsing enabled.
**hw2.tex
(./hw2.tex
LaTeX2e <2011/06/27>
Babel <v3.8m> and hyphenation patterns for english, dumylang, nohyphenation, ba
sque, danish, dutch, ukenglish, usenglishmax, finnish, french, german, ngerman,
 swissgerman, hungarian, italian, bokmal, nynorsk, polish, portuguese, spanish,
 swedish, loaded.
(/usr/local/texlive/2012basic/texmf-dist/tex/latex/base/article.cls
Document Class: article 2007/10/19 v1.4h Standard LaTeX document class
(/usr/local/texlive/2012basic/texmf-dist/tex/latex/base/size10.clo
File: size10.clo 2007/10/19 v1.4h Standard LaTeX file (size option)
)
\c@part=\count79
\c@section=\count80
\c@subsection=\count81
\c@subsubsection=\count82
\c@paragraph=\count83
\c@subparagraph=\count84
\c@figure=\count85
\c@table=\count86
\abovecaptionskip=\skip41
\belowcaptionskip=\skip42
\bibindent=\dimen102
)
(/usr/local/texlive/2012basic/texmf-dist/tex/latex/graphics/graphicx.sty
Package: graphicx 1999/02/16 v1.0f Enhanced LaTeX Graphics (DPC,SPQR)

(/usr/local/texlive/2012basic/texmf-dist/tex/latex/graphics/keyval.sty
Package: keyval 1999/03/16 v1.13 key=value parser (DPC)
\KV@toks@=\toks14
)
(/usr/local/texlive/2012basic/texmf-dist/tex/latex/graphics/graphics.sty
Package: graphics 2009/02/05 v1.0o Standard LaTeX Graphics (DPC,SPQR)

(/usr/local/texlive/2012basic/texmf-dist/tex/latex/graphics/trig.sty
Package: trig 1999/03/16 v1.09 sin cos tan (DPC)
)
(/usr/local/texlive/2012basic/texmf-dist/tex/latex/latexconfig/graphics.cfg
File: graphics.cfg 2010/04/23 v1.9 graphics configuration of TeX Live
)
Package graphics Info: Driver file: pdftex.def on input line 91.

(/usr/local/texlive/2012basic/texmf-dist/tex/latex/pdftex-def/pdftex.def
File: pdftex.def 2011/05/27 v0.06d Graphics/color for pdfTeX

(/usr/local/texlive/2012basic/texmf-dist/tex/generic/oberdiek/infwarerr.sty
Package: infwarerr 2010/04/08 v1.3 Providing info/warning/error messages (HO)
)
(/usr/local/texlive/2012basic/texmf-dist/tex/generic/oberdiek/ltxcmds.sty
Package: ltxcmds 2011/11/09 v1.22 LaTeX kernel commands for general use (HO)
)
\Gread@gobject=\count87
))
\Gin@req@height=\dimen103
\Gin@req@width=\dimen104
)
(/usr/local/texlive/2012basic/texmf-dist/tex/latex/caption/caption.sty
Package: caption 2012/02/19 v3.2f Customizing captions (AR)

(/usr/local/texlive/2012basic/texmf-dist/tex/latex/caption/caption3.sty
Package: caption3 2012/01/12 v1.4b caption3 kernel (AR)
\captionmargin=\dimen105
\captionmargin@=\dimen106
\captionwidth=\dimen107
\caption@indent=\dimen108
\caption@parindent=\dimen109
\caption@hangindent=\dimen110
)
\c@ContinuedFloat=\count88
)
(/usr/local/texlive/2012basic/texmf-dist/tex/latex/amsfonts/amssymb.sty
Package: amssymb 2009/06/22 v3.00

(/usr/local/texlive/2012basic/texmf-dist/tex/latex/amsfonts/amsfonts.sty
Package: amsfonts 2009/06/22 v3.00 Basic AMSFonts support
\@emptytoks=\toks15
\symAMSa=\mathgroup4
\symAMSb=\mathgroup5
LaTeX Font Info:    Overwriting math alphabet `\mathfrak' in version `bold'
(Font)                  U/euf/m/n --> U/euf/b/n on input line 96.
))
(/usr/local/texlive/2012basic/texmf-dist/tex/latex/amsmath/amsmath.sty
Package: amsmath 2000/07/18 v2.13 AMS math features
\@mathmargin=\skip43

For additional information on amsmath, use the `?' option.
(/usr/local/texlive/2012basic/texmf-dist/tex/latex/amsmath/amstext.sty
Package: amstext 2000/06/29 v2.01

(/usr/local/texlive/2012basic/texmf-dist/tex/latex/amsmath/amsgen.sty
File: amsgen.sty 1999/11/30 v2.0
\@emptytoks=\toks16
\ex@=\dimen111
))
(/usr/local/texlive/2012basic/texmf-dist/tex/latex/amsmath/amsbsy.sty
Package: amsbsy 1999/11/29 v1.2d
\pmbraise@=\dimen112
)
(/usr/local/texlive/2012basic/texmf-dist/tex/latex/amsmath/amsopn.sty
Package: amsopn 1999/12/14 v2.01 operator names
)
\inf@bad=\count89
LaTeX Info: Redefining \frac on input line 211.
\uproot@=\count90
\leftroot@=\count91
LaTeX Info: Redefining \overline on input line 307.
\classnum@=\count92
\DOTSCASE@=\count93
LaTeX Info: Redefining \ldots on input line 379.
LaTeX Info: Redefining \dots on input line 382.
LaTeX Info: Redefining \cdots on input line 467.
\Mathstrutbox@=\box26
\strutbox@=\box27
\big@size=\dimen113
LaTeX Font Info:    Redeclaring font encoding OML on input line 567.
LaTeX Font Info:    Redeclaring font encoding OMS on input line 568.
\macc@depth=\count94
\c@MaxMatrixCols=\count95
\dotsspace@=\muskip10
\c@parentequation=\count96
\dspbrk@lvl=\count97
\tag@help=\toks17
\row@=\count98
\column@=\count99
\maxfields@=\count100
\andhelp@=\toks18
\eqnshift@=\dimen114
\alignsep@=\dimen115
\tagshift@=\dimen116
\tagwidth@=\dimen117
\totwidth@=\dimen118
\lineht@=\dimen119
\@envbody=\toks19
\multlinegap=\skip44
\multlinetaggap=\skip45
\mathdisplay@stack=\toks20
LaTeX Info: Redefining \[ on input line 2666.
LaTeX Info: Redefining \] on input line 2667.
)
(./hw2.aux)
\openout1 = `hw2.aux'.

LaTeX Font Info:    Checking defaults for OML/cmm/m/it on input line 6.
LaTeX Font Info:    ... okay on input line 6.
LaTeX Font Info:    Checking defaults for T1/cmr/m/n on input line 6.
LaTeX Font Info:    ... okay on input line 6.
LaTeX Font Info:    Checking defaults for OT1/cmr/m/n on input line 6.
LaTeX Font Info:    ... okay on input line 6.
LaTeX Font Info:    Checking defaults for OMS/cmsy/m/n on input line 6.
LaTeX Font Info:    ... okay on input line 6.
LaTeX Font Info:    Checking defaults for OMX/cmex/m/n on input line 6.
LaTeX Font Info:    ... okay on input line 6.
LaTeX Font Info:    Checking defaults for U/cmr/m/n on input line 6.
LaTeX Font Info:    ... okay on input line 6.

(/usr/local/texlive/2012basic/texmf-dist/tex/context/base/supp-pdf.mkii
[Loading MPS to PDF converter (version 2006.09.02).]
\scratchcounter=\count101
\scratchdimen=\dimen120
\scratchbox=\box28
\nofMPsegments=\count102
\nofMParguments=\count103
\everyMPshowfont=\toks21
\MPscratchCnt=\count104
\MPscratchDim=\dimen121
\MPnumerator=\count105
\makeMPintoPDFobject=\count106
\everyMPtoPDFconversion=\toks22
) (/usr/local/texlive/2012basic/texmf-dist/tex/generic/oberdiek/pdftexcmds.sty
Package: pdftexcmds 2011/11/29 v0.20 Utility functions of pdfTeX for LuaTeX (HO
)

(/usr/local/texlive/2012basic/texmf-dist/tex/generic/oberdiek/ifluatex.sty
Package: ifluatex 2010/03/01 v1.3 Provides the ifluatex switch (HO)
Package ifluatex Info: LuaTeX not detected.
)
(/usr/local/texlive/2012basic/texmf-dist/tex/generic/oberdiek/ifpdf.sty
Package: ifpdf 2011/01/30 v2.3 Provides the ifpdf switch (HO)
Package ifpdf Info: pdfTeX in PDF mode is detected.
)
Package pdftexcmds Info: LuaTeX not detected.
Package pdftexcmds Info: \pdf@primitive is available.
Package pdftexcmds Info: \pdf@ifprimitive is available.
Package pdftexcmds Info: \pdfdraftmode found.
)
(/usr/local/texlive/2012basic/texmf-dist/tex/latex/oberdiek/epstopdf-base.sty
Package: epstopdf-base 2010/02/09 v2.5 Base part for package epstopdf

(/usr/local/texlive/2012basic/texmf-dist/tex/latex/oberdiek/grfext.sty
Package: grfext 2010/08/19 v1.1 Manage graphics extensions (HO)

(/usr/local/texlive/2012basic/texmf-dist/tex/generic/oberdiek/kvdefinekeys.sty
Package: kvdefinekeys 2011/04/07 v1.3 Define keys (HO)
)) (/usr/local/texlive/2012basic/texmf-dist/tex/latex/oberdiek/kvoptions.sty
Package: kvoptions 2011/06/30 v3.11 Key value format for package options (HO)

(/usr/local/texlive/2012basic/texmf-dist/tex/generic/oberdiek/kvsetkeys.sty
Package: kvsetkeys 2012/04/25 v1.16 Key value parser (HO)

(/usr/local/texlive/2012basic/texmf-dist/tex/generic/oberdiek/etexcmds.sty
Package: etexcmds 2011/02/16 v1.5 Avoid name clashes with e-TeX commands (HO)
Package etexcmds Info: Could not find \expanded.
(etexcmds)             That can mean that you are not using pdfTeX 1.50 or
(etexcmds)             that some package has redefined \expanded.
(etexcmds)             In the latter case, load this package earlier.
)))
Package grfext Info: Graphics extension search list:
(grfext)             [.png,.pdf,.jpg,.mps,.jpeg,.jbig2,.jb2,.PNG,.PDF,.JPG,.JPE
G,.JBIG2,.JB2,.eps]
(grfext)             \AppendGraphicsExtensions on input line 452.

(/usr/local/texlive/2012basic/texmf-dist/tex/latex/latexconfig/epstopdf-sys.cfg
File: epstopdf-sys.cfg 2010/07/13 v1.3 Configuration of (r)epstopdf for TeX Liv
e
))
Package caption Info: Begin \AtBeginDocument code.
Package caption Info: End \AtBeginDocument code.
LaTeX Font Info:    Try loading font information for U+msa on input line 9.
 (/usr/local/texlive/2012basic/texmf-dist/tex/latex/amsfonts/umsa.fd
File: umsa.fd 2009/06/22 v3.00 AMS symbols A
)
LaTeX Font Info:    Try loading font information for U+msb on input line 9.

(/usr/local/texlive/2012basic/texmf-dist/tex/latex/amsfonts/umsb.fd
File: umsb.fd 2009/06/22 v3.00 AMS symbols B
)
<nvcc.pdf, id=1, 567.11874pt x 70.2625pt>
File: nvcc.pdf Graphic file (type pdf)
 <use nvcc.pdf>
Package pdftex.def Info: nvcc.pdf used on input line 21.
(pdftex.def)             Requested size: 345.0pt x 42.74426pt.

<gpu11.pdf, id=2, 638.385pt x 184.69pt>
File: gpu11.pdf Graphic file (type pdf)
 <use gpu11.pdf>
Package pdftex.def Info: gpu11.pdf used on input line 30.
(pdftex.def)             Requested size: 345.0pt x 99.81001pt.

<gpu12.pdf, id=3, 638.385pt x 204.765pt>
File: gpu12.pdf Graphic file (type pdf)
 <use gpu12.pdf>
Package pdftex.def Info: gpu12.pdf used on input line 37.
(pdftex.def)             Requested size: 345.0pt x 110.65892pt.

<gpu13.pdf, id=4, 567.11874pt x 94.3525pt>
File: gpu13.pdf Graphic file (type pdf)
 <use gpu13.pdf>
Package pdftex.def Info: gpu13.pdf used on input line 44.
(pdftex.def)             Requested size: 345.0pt x 57.39943pt.

<r_gpu11.pdf, id=5, 614.295pt x 794.97pt>
File: r_gpu11.pdf Graphic file (type pdf)
 <use r_gpu11.pdf>
Package pdftex.def Info: r_gpu11.pdf used on input line 59.
(pdftex.def)             Requested size: 276.00105pt x 357.1752pt.
 [1

{/usr/local/texlive/2012basic/texmf-var/fonts/map/pdftex/updmap/pdftex.map} <./
nvcc.pdf>]
[2 <./gpu11.pdf> <./gpu12.pdf> <./gpu13.pdf>]
<gpu21.pdf, id=59, 636.3775pt x 190.7125pt>
File: gpu21.pdf Graphic file (type pdf)
 <use gpu21.pdf>
Package pdftex.def Info: gpu21.pdf used on input line 72.
(pdftex.def)             Requested size: 345.0pt x 103.39061pt.

<gpu22.pdf, id=60, 638.385pt x 170.6375pt>
File: gpu22.pdf Graphic file (type pdf)
 <use gpu22.pdf>
Package pdftex.def Info: gpu22.pdf used on input line 79.
(pdftex.def)             Requested size: 345.0pt x 92.21577pt.

<gpu23.pdf, id=61, 567.11874pt x 158.5925pt>
File: gpu23.pdf Graphic file (type pdf)
 <use gpu23.pdf>
Package pdftex.def Info: gpu23.pdf used on input line 86.
(pdftex.def)             Requested size: 345.0pt x 96.4799pt.

<r_gpu21.pdf, id=62, 614.295pt x 794.97pt>
File: r_gpu21.pdf Graphic file (type pdf)
 <use r_gpu21.pdf>
Package pdftex.def Info: r_gpu21.pdf used on input line 94.
(pdftex.def)             Requested size: 276.00105pt x 357.1752pt.
 [3 <./r_gpu11.pdf>] [4 <./gpu21.pdf> <./gpu22.pdf> <./gpu23.pdf>] [5 <./r_gpu2
1.pdf>]
<gpu31.pdf, id=107, 624.3325pt x 189.70876pt>
File: gpu31.pdf Graphic file (type pdf)
 <use gpu31.pdf>
Package pdftex.def Info: gpu31.pdf used on input line 104.
(pdftex.def)             Requested size: 345.0pt x 104.83223pt.

<gpu32.pdf, id=108, 620.3175pt x 259.97125pt>
File: gpu32.pdf Graphic file (type pdf)
 <use gpu32.pdf>
Package pdftex.def Info: gpu32.pdf used on input line 111.
(pdftex.def)             Requested size: 345.0pt x 144.58722pt.

<gpu33.pdf, id=109, 623.32875pt x 189.70876pt>
File: gpu33.pdf Graphic file (type pdf)
 <use gpu33.pdf>
Package pdftex.def Info: gpu33.pdf used on input line 120.
(pdftex.def)             Requested size: 345.0pt x 105.00012pt.

<r_gpu31.pdf, id=110, 614.295pt x 794.97pt>
File: r_gpu31.pdf Graphic file (type pdf)
 <use r_gpu31.pdf>
Package pdftex.def Info: r_gpu31.pdf used on input line 127.
(pdftex.def)             Requested size: 276.00105pt x 357.1752pt.
 [6 <./gpu31.pdf> <./gpu32.pdf>] [7 <./gpu33.pdf> <./r_gpu31.pdf>]
<gpu41.pdf, id=149, 639.38875pt x 209.78375pt>
File: gpu41.pdf Graphic file (type pdf)
 <use gpu41.pdf>
Package pdftex.def Info: gpu41.pdf used on input line 139.
(pdftex.def)             Requested size: 345.0pt x 113.1951pt.

<gpu42.pdf, id=150, 703.62875pt x 422.57875pt>
File: gpu42.pdf Graphic file (type pdf)
 <use gpu42.pdf>
Package pdftex.def Info: gpu42.pdf used on input line 146.
(pdftex.def)             Requested size: 345.0pt x 207.19435pt.
 [8 <./gpu41.pdf> <./gpu42.pdf>] <gpu43.pdf, id=175, 631.35875pt x 176.66pt>
File: gpu43.pdf Graphic file (type pdf)
 <use gpu43.pdf>
Package pdftex.def Info: gpu43.pdf used on input line 156.
(pdftex.def)             Requested size: 345.0pt x 96.53522pt.

<r_gpu41.pdf, id=176, 614.295pt x 794.97pt>
File: r_gpu41.pdf Graphic file (type pdf)
 <use r_gpu41.pdf>
Package pdftex.def Info: r_gpu41.pdf used on input line 163.
(pdftex.def)             Requested size: 345.0pt x 446.4781pt.

<r_gpu42.pdf, id=177, 614.295pt x 794.97pt>
File: r_gpu42.pdf Graphic file (type pdf)
 <use r_gpu42.pdf>
Package pdftex.def Info: r_gpu42.pdf used on input line 170.
(pdftex.def)             Requested size: 345.0pt x 446.4781pt.

<comp.pdf, id=178, 614.295pt x 794.97pt>
File: comp.pdf Graphic file (type pdf)
 <use comp.pdf>
Package pdftex.def Info: comp.pdf used on input line 181.
(pdftex.def)             Requested size: 345.0pt x 446.4781pt.
 [9 <./gpu43.pdf>]
[10 <./r_gpu41.pdf>] [11 <./r_gpu42.pdf>] [12 <./comp.pdf>] (./hw2.aux) ) 
Here is how much of TeX's memory you used:
 3487 strings out of 494578
 51201 string characters out of 3168574
 106924 words of memory out of 3000000
 6659 multiletter control sequences out of 15000+200000
 11849 words of font info for 46 fonts, out of 3000000 for 9000
 314 hyphenation exceptions out of 8191
 38i,6n,38p,1026b,277s stack positions out of 5000i,500n,10000p,200000b,50000s
</usr/
local/texlive/2012basic/texmf-dist/fonts/type1/public/amsfonts/cm/cmbx10.pfb></
usr/local/texlive/2012basic/texmf-dist/fonts/type1/public/amsfonts/cm/cmbx12.pf
b></usr/local/texlive/2012basic/texmf-dist/fonts/type1/public/amsfonts/cm/cmmi1
0.pfb></usr/local/texlive/2012basic/texmf-dist/fonts/type1/public/amsfonts/cm/c
mr10.pfb></usr/local/texlive/2012basic/texmf-dist/fonts/type1/public/amsfonts/c
m/cmr12.pfb></usr/local/texlive/2012basic/texmf-dist/fonts/type1/public/amsfont
s/cm/cmr17.pfb></usr/local/texlive/2012basic/texmf-dist/fonts/type1/public/amsf
onts/cm/cmsy10.pfb></usr/local/texlive/2012basic/texmf-dist/fonts/type1/public/
amsfonts/cm/cmti10.pfb>
Output written on hw2.pdf (12 pages, 412558 bytes).
PDF statistics:
 235 PDF objects out of 1000 (max. 8388607)
 157 compressed objects within 2 object streams
 0 named destinations out of 1000 (max. 500000)
 96 words of extra memory for PDF output out of 10000 (max. 10000000)

